This file contains any messages produced by compilers while
running configure, to aid debugging if configure makes a mistake.

It was created by evercurses configure 0.1, which was
generated by GNU Autoconf 2.69.  Invocation command line was

  $ ./configure 

## --------- ##
## Platform. ##
## --------- ##

hostname = arch
uname -m = x86_64
uname -r = 4.4.5-1-ARCH
uname -s = Linux
uname -v = #1 SMP PREEMPT Thu Mar 10 07:38:19 CET 2016

/usr/bin/uname -p = unknown
/bin/uname -X     = unknown

/bin/arch              = unknown
/usr/bin/arch -k       = unknown
/usr/convex/getsysinfo = unknown
/usr/bin/hostinfo      = unknown
/bin/machine           = unknown
/usr/bin/oslevel       = unknown
/bin/universe          = unknown

PATH: ./bin
PATH: /usr/local/bin
PATH: /usr/local/sbin
PATH: /home/aniket/.dotfiles/bin
PATH: /usr/local/sbin
PATH: /usr/local/bin
PATH: /usr/bin
PATH: /usr/bin/site_perl
PATH: /usr/bin/vendor_perl
PATH: /usr/bin/core_perl
PATH: /home/aniket/projects/android/sdk/platform-tools
PATH: /home/aniket/development/os161/tools/bin
PATH: /home/aniket/Development/goprojects/bin


## ----------- ##
## Core tests. ##
## ----------- ##

configure:2123: checking for a BSD-compatible install
configure:2191: result: /usr/bin/install -c
configure:2202: checking whether build environment is sane
configure:2257: result: yes
configure:2408: checking for a thread-safe mkdir -p
configure:2447: result: /usr/bin/mkdir -p
configure:2454: checking for gawk
configure:2470: found /usr/bin/gawk
configure:2481: result: gawk
configure:2492: checking whether make sets $(MAKE)
configure:2514: result: yes
configure:2543: checking whether make supports nested variables
configure:2560: result: yes
configure:2744: checking for g++
configure:2760: found /usr/bin/g++
configure:2771: result: g++
configure:2798: checking for C++ compiler version
configure:2807: g++ --version >&5
g++ (GCC) 5.3.0
Copyright (C) 2015 Free Software Foundation, Inc.
This is free software; see the source for copying conditions.  There is NO
warranty; not even for MERCHANTABILITY or FITNESS FOR A PARTICULAR PURPOSE.

configure:2818: $? = 0
configure:2807: g++ -v >&5
Using built-in specs.
COLLECT_GCC=g++
COLLECT_LTO_WRAPPER=/usr/lib/gcc/x86_64-unknown-linux-gnu/5.3.0/lto-wrapper
Target: x86_64-unknown-linux-gnu
Configured with: /build/gcc/src/gcc-5-20160209/configure --prefix=/usr --libdir=/usr/lib --libexecdir=/usr/lib --mandir=/usr/share/man --infodir=/usr/share/info --with-bugurl=https://bugs.archlinux.org/ --enable-languages=c,c++,ada,fortran,go,lto,objc,obj-c++ --enable-shared --enable-threads=posix --enable-libmpx --with-system-zlib --with-isl --enable-__cxa_atexit --disable-libunwind-exceptions --enable-clocale=gnu --disable-libstdcxx-pch --disable-libssp --enable-gnu-unique-object --enable-linker-build-id --enable-lto --enable-plugin --enable-install-libiberty --with-linker-hash-style=gnu --enable-gnu-indirect-function --disable-multilib --disable-werror --enable-checking=release
Thread model: posix
gcc version 5.3.0 (GCC) 
configure:2818: $? = 0
configure:2807: g++ -V >&5
g++: error: unrecognized command line option '-V'
g++: fatal error: no input files
compilation terminated.
configure:2818: $? = 1
configure:2807: g++ -qversion >&5
g++: error: unrecognized command line option '-qversion'
g++: fatal error: no input files
compilation terminated.
configure:2818: $? = 1
configure:2838: checking whether the C++ compiler works
configure:2860: g++    conftest.cpp  >&5
configure:2864: $? = 0
configure:2912: result: yes
configure:2915: checking for C++ compiler default output file name
configure:2917: result: a.out
configure:2923: checking for suffix of executables
configure:2930: g++ -o conftest    conftest.cpp  >&5
configure:2934: $? = 0
configure:2956: result: 
configure:2978: checking whether we are cross compiling
configure:2986: g++ -o conftest    conftest.cpp  >&5
configure:2990: $? = 0
configure:2997: ./conftest
configure:3001: $? = 0
configure:3016: result: no
configure:3021: checking for suffix of object files
configure:3043: g++ -c   conftest.cpp >&5
configure:3047: $? = 0
configure:3068: result: o
configure:3072: checking whether we are using the GNU C++ compiler
configure:3091: g++ -c   conftest.cpp >&5
configure:3091: $? = 0
configure:3100: result: yes
configure:3109: checking whether g++ accepts -g
configure:3129: g++ -c -g  conftest.cpp >&5
configure:3129: $? = 0
configure:3170: result: yes
configure:3204: checking for style of include used by make
configure:3232: result: GNU
configure:3258: checking dependency style of g++
configure:3369: result: gcc3
configure:3432: checking for gcc
configure:3448: found /usr/bin/gcc
configure:3459: result: gcc
configure:3688: checking for C compiler version
configure:3697: gcc --version >&5
gcc (GCC) 5.3.0
Copyright (C) 2015 Free Software Foundation, Inc.
This is free software; see the source for copying conditions.  There is NO
warranty; not even for MERCHANTABILITY or FITNESS FOR A PARTICULAR PURPOSE.

configure:3708: $? = 0
configure:3697: gcc -v >&5
Using built-in specs.
COLLECT_GCC=gcc
COLLECT_LTO_WRAPPER=/usr/lib/gcc/x86_64-unknown-linux-gnu/5.3.0/lto-wrapper
Target: x86_64-unknown-linux-gnu
Configured with: /build/gcc/src/gcc-5-20160209/configure --prefix=/usr --libdir=/usr/lib --libexecdir=/usr/lib --mandir=/usr/share/man --infodir=/usr/share/info --with-bugurl=https://bugs.archlinux.org/ --enable-languages=c,c++,ada,fortran,go,lto,objc,obj-c++ --enable-shared --enable-threads=posix --enable-libmpx --with-system-zlib --with-isl --enable-__cxa_atexit --disable-libunwind-exceptions --enable-clocale=gnu --disable-libstdcxx-pch --disable-libssp --enable-gnu-unique-object --enable-linker-build-id --enable-lto --enable-plugin --enable-install-libiberty --with-linker-hash-style=gnu --enable-gnu-indirect-function --disable-multilib --disable-werror --enable-checking=release
Thread model: posix
gcc version 5.3.0 (GCC) 
configure:3708: $? = 0
configure:3697: gcc -V >&5
gcc: error: unrecognized command line option '-V'
gcc: fatal error: no input files
compilation terminated.
configure:3708: $? = 1
configure:3697: gcc -qversion >&5
gcc: error: unrecognized command line option '-qversion'
gcc: fatal error: no input files
compilation terminated.
configure:3708: $? = 1
configure:3712: checking whether we are using the GNU C compiler
configure:3731: gcc -c   conftest.c >&5
configure:3731: $? = 0
configure:3740: result: yes
configure:3749: checking whether gcc accepts -g
configure:3769: gcc -c -g  conftest.c >&5
configure:3769: $? = 0
configure:3810: result: yes
configure:3827: checking for gcc option to accept ISO C89
configure:3890: gcc  -c -g -O2  conftest.c >&5
configure:3890: $? = 0
configure:3903: result: none needed
configure:3928: checking whether gcc understands -c and -o together
configure:3950: gcc -c conftest.c -o conftest2.o
configure:3953: $? = 0
configure:3950: gcc -c conftest.c -o conftest2.o
configure:3953: $? = 0
configure:3965: result: yes
configure:3984: checking dependency style of gcc
configure:4095: result: gcc3
configure:4116: checking how to run the C preprocessor
configure:4147: gcc -E  conftest.c
configure:4147: $? = 0
configure:4161: gcc -E  conftest.c
conftest.c:11:28: fatal error: ac_nonexistent.h: No such file or directory
compilation terminated.
configure:4161: $? = 1
configure: failed program was:
| /* confdefs.h */
| #define PACKAGE_NAME "evercurses"
| #define PACKAGE_TARNAME "evercurses"
| #define PACKAGE_VERSION "0.1"
| #define PACKAGE_STRING "evercurses 0.1"
| #define PACKAGE_BUGREPORT "aniket.deole@gmail.com"
| #define PACKAGE_URL ""
| #define PACKAGE "evercurses"
| #define VERSION "0.1"
| /* end confdefs.h.  */
| #include <ac_nonexistent.h>
configure:4186: result: gcc -E
configure:4206: gcc -E  conftest.c
configure:4206: $? = 0
configure:4220: gcc -E  conftest.c
conftest.c:11:28: fatal error: ac_nonexistent.h: No such file or directory
compilation terminated.
configure:4220: $? = 1
configure: failed program was:
| /* confdefs.h */
| #define PACKAGE_NAME "evercurses"
| #define PACKAGE_TARNAME "evercurses"
| #define PACKAGE_VERSION "0.1"
| #define PACKAGE_STRING "evercurses 0.1"
| #define PACKAGE_BUGREPORT "aniket.deole@gmail.com"
| #define PACKAGE_URL ""
| #define PACKAGE "evercurses"
| #define VERSION "0.1"
| /* end confdefs.h.  */
| #include <ac_nonexistent.h>
configure:4249: checking for grep that handles long lines and -e
configure:4307: result: /usr/bin/grep
configure:4312: checking for egrep
configure:4374: result: /usr/bin/grep -E
configure:4379: checking for ANSI C header files
configure:4399: gcc -c -g -O2  conftest.c >&5
configure:4399: $? = 0
configure:4472: gcc -o conftest -g -O2   conftest.c  >&5
configure:4472: $? = 0
configure:4472: ./conftest
configure:4472: $? = 0
configure:4483: result: yes
configure:4496: checking for sys/types.h
configure:4496: gcc -c -g -O2  conftest.c >&5
configure:4496: $? = 0
configure:4496: result: yes
configure:4496: checking for sys/stat.h
configure:4496: gcc -c -g -O2  conftest.c >&5
configure:4496: $? = 0
configure:4496: result: yes
configure:4496: checking for stdlib.h
configure:4496: gcc -c -g -O2  conftest.c >&5
configure:4496: $? = 0
configure:4496: result: yes
configure:4496: checking for string.h
configure:4496: gcc -c -g -O2  conftest.c >&5
configure:4496: $? = 0
configure:4496: result: yes
configure:4496: checking for memory.h
configure:4496: gcc -c -g -O2  conftest.c >&5
configure:4496: $? = 0
configure:4496: result: yes
configure:4496: checking for strings.h
configure:4496: gcc -c -g -O2  conftest.c >&5
configure:4496: $? = 0
configure:4496: result: yes
configure:4496: checking for inttypes.h
configure:4496: gcc -c -g -O2  conftest.c >&5
configure:4496: $? = 0
configure:4496: result: yes
configure:4496: checking for stdint.h
configure:4496: gcc -c -g -O2  conftest.c >&5
configure:4496: $? = 0
configure:4496: result: yes
configure:4496: checking for unistd.h
configure:4496: gcc -c -g -O2  conftest.c >&5
configure:4496: $? = 0
configure:4496: result: yes
configure:4511: checking curses.h usability
configure:4511: gcc -c -g -O2  conftest.c >&5
configure:4511: $? = 0
configure:4511: result: yes
configure:4511: checking curses.h presence
configure:4511: gcc -E  conftest.c
configure:4511: $? = 0
configure:4511: result: yes
configure:4511: checking for curses.h
configure:4511: result: yes
configure:4511: checking cursesapp.h usability
configure:4511: gcc -c -g -O2  conftest.c >&5
In file included from /usr/include/cursesw.h:36:0,
                 from /usr/include/cursslk.h:39,
                 from /usr/include/cursesapp.h:39,
                 from conftest.c:55:
/usr/include/etip.h:118:8: error: expected identifier or '(' before string constant
 extern "C" {
        ^
In file included from /usr/include/cursesw.h:36:0,
                 from /usr/include/cursslk.h:39,
                 from /usr/include/cursesapp.h:39,
                 from conftest.c:55:
/usr/include/etip.h:142:1: error: unknown type name 'class'
 class NCURSES_IMPEXP NCursesPanel;
 ^
/usr/include/etip.h:143:1: error: unknown type name 'class'
 class NCURSES_IMPEXP NCursesMenu;
 ^
/usr/include/etip.h:144:1: error: unknown type name 'class'
 class NCURSES_IMPEXP NCursesForm;
 ^
/usr/include/etip.h:146:1: error: unknown type name 'class'
 class NCURSES_IMPEXP NCursesException
 ^
/usr/include/etip.h:147:1: error: expected '=', ',', ';', 'asm' or '__attribute__' before '{' token
 {
 ^
/usr/include/etip.h:180:1: error: unknown type name 'class'
 class NCURSES_IMPEXP NCursesPanelException : public NCursesException
 ^
/usr/include/etip.h:180:44: error: expected '=', ',', ';', 'asm' or '__attribute__' before ':' token
 class NCURSES_IMPEXP NCursesPanelException : public NCursesException
                                            ^
/usr/include/etip.h:231:1: error: unknown type name 'class'
 class NCURSES_IMPEXP NCursesMenuException : public NCursesException
 ^
/usr/include/etip.h:231:43: error: expected '=', ',', ';', 'asm' or '__attribute__' before ':' token
 class NCURSES_IMPEXP NCursesMenuException : public NCursesException
                                           ^
/usr/include/etip.h:282:1: error: unknown type name 'class'
 class NCURSES_IMPEXP NCursesFormException : public NCursesException
 ^
/usr/include/etip.h:282:43: error: expected '=', ',', ';', 'asm' or '__attribute__' before ':' token
 class NCURSES_IMPEXP NCursesFormException : public NCursesException
                                           ^
/usr/include/etip.h:335:25: fatal error: iostream: No such file or directory
compilation terminated.
configure:4511: $? = 1
configure: failed program was:
| /* confdefs.h */
| #define PACKAGE_NAME "evercurses"
| #define PACKAGE_TARNAME "evercurses"
| #define PACKAGE_VERSION "0.1"
| #define PACKAGE_STRING "evercurses 0.1"
| #define PACKAGE_BUGREPORT "aniket.deole@gmail.com"
| #define PACKAGE_URL ""
| #define PACKAGE "evercurses"
| #define VERSION "0.1"
| #define STDC_HEADERS 1
| #define HAVE_SYS_TYPES_H 1
| #define HAVE_SYS_STAT_H 1
| #define HAVE_STDLIB_H 1
| #define HAVE_STRING_H 1
| #define HAVE_MEMORY_H 1
| #define HAVE_STRINGS_H 1
| #define HAVE_INTTYPES_H 1
| #define HAVE_STDINT_H 1
| #define HAVE_UNISTD_H 1
| #define HAVE_CURSES_H 1
| /* end confdefs.h.  */
| #include <stdio.h>
| #ifdef HAVE_SYS_TYPES_H
| # include <sys/types.h>
| #endif
| #ifdef HAVE_SYS_STAT_H
| # include <sys/stat.h>
| #endif
| #ifdef STDC_HEADERS
| # include <stdlib.h>
| # include <stddef.h>
| #else
| # ifdef HAVE_STDLIB_H
| #  include <stdlib.h>
| # endif
| #endif
| #ifdef HAVE_STRING_H
| # if !defined STDC_HEADERS && defined HAVE_MEMORY_H
| #  include <memory.h>
| # endif
| # include <string.h>
| #endif
| #ifdef HAVE_STRINGS_H
| # include <strings.h>
| #endif
| #ifdef HAVE_INTTYPES_H
| # include <inttypes.h>
| #endif
| #ifdef HAVE_STDINT_H
| # include <stdint.h>
| #endif
| #ifdef HAVE_UNISTD_H
| # include <unistd.h>
| #endif
| #include <cursesapp.h>
configure:4511: result: no
configure:4511: checking cursesapp.h presence
configure:4511: gcc -E  conftest.c
In file included from /usr/include/cursesw.h:36:0,
                 from /usr/include/cursslk.h:39,
                 from /usr/include/cursesapp.h:39,
                 from conftest.c:22:
/usr/include/etip.h:335:25: fatal error: iostream: No such file or directory
compilation terminated.
configure:4511: $? = 1
configure: failed program was:
| /* confdefs.h */
| #define PACKAGE_NAME "evercurses"
| #define PACKAGE_TARNAME "evercurses"
| #define PACKAGE_VERSION "0.1"
| #define PACKAGE_STRING "evercurses 0.1"
| #define PACKAGE_BUGREPORT "aniket.deole@gmail.com"
| #define PACKAGE_URL ""
| #define PACKAGE "evercurses"
| #define VERSION "0.1"
| #define STDC_HEADERS 1
| #define HAVE_SYS_TYPES_H 1
| #define HAVE_SYS_STAT_H 1
| #define HAVE_STDLIB_H 1
| #define HAVE_STRING_H 1
| #define HAVE_MEMORY_H 1
| #define HAVE_STRINGS_H 1
| #define HAVE_INTTYPES_H 1
| #define HAVE_STDINT_H 1
| #define HAVE_UNISTD_H 1
| #define HAVE_CURSES_H 1
| /* end confdefs.h.  */
| #include <cursesapp.h>
configure:4511: result: no
configure:4511: checking for cursesapp.h
configure:4511: result: no
configure:4668: checking that generated files are newer than configure
configure:4674: result: done
configure:4701: creating ./config.status

## ---------------------- ##
## Running config.status. ##
## ---------------------- ##

This file was extended by evercurses config.status 0.1, which was
generated by GNU Autoconf 2.69.  Invocation command line was

  CONFIG_FILES    = 
  CONFIG_HEADERS  = 
  CONFIG_LINKS    = 
  CONFIG_COMMANDS = 
  $ ./config.status 

on arch

config.status:783: creating Makefile
config.status:783: creating src/Makefile
config.status:955: executing depfiles commands

## ---------------- ##
## Cache variables. ##
## ---------------- ##

ac_cv_c_compiler_gnu=yes
ac_cv_cxx_compiler_gnu=yes
ac_cv_env_CCC_set=
ac_cv_env_CCC_value=
ac_cv_env_CC_set=
ac_cv_env_CC_value=
ac_cv_env_CFLAGS_set=
ac_cv_env_CFLAGS_value=
ac_cv_env_CPPFLAGS_set=
ac_cv_env_CPPFLAGS_value=
ac_cv_env_CPP_set=
ac_cv_env_CPP_value=
ac_cv_env_CXXFLAGS_set=
ac_cv_env_CXXFLAGS_value=
ac_cv_env_CXX_set=
ac_cv_env_CXX_value=
ac_cv_env_LDFLAGS_set=
ac_cv_env_LDFLAGS_value=
ac_cv_env_LIBS_set=
ac_cv_env_LIBS_value=
ac_cv_env_build_alias_set=
ac_cv_env_build_alias_value=
ac_cv_env_host_alias_set=
ac_cv_env_host_alias_value=
ac_cv_env_target_alias_set=
ac_cv_env_target_alias_value=
ac_cv_header_curses_h=yes
ac_cv_header_cursesapp_h=no
ac_cv_header_inttypes_h=yes
ac_cv_header_memory_h=yes
ac_cv_header_stdc=yes
ac_cv_header_stdint_h=yes
ac_cv_header_stdlib_h=yes
ac_cv_header_string_h=yes
ac_cv_header_strings_h=yes
ac_cv_header_sys_stat_h=yes
ac_cv_header_sys_types_h=yes
ac_cv_header_unistd_h=yes
ac_cv_objext=o
ac_cv_path_EGREP='/usr/bin/grep -E'
ac_cv_path_GREP=/usr/bin/grep
ac_cv_path_install='/usr/bin/install -c'
ac_cv_path_mkdir=/usr/bin/mkdir
ac_cv_prog_AWK=gawk
ac_cv_prog_CPP='gcc -E'
ac_cv_prog_ac_ct_CC=gcc
ac_cv_prog_ac_ct_CXX=g++
ac_cv_prog_cc_c89=
ac_cv_prog_cc_g=yes
ac_cv_prog_cxx_g=yes
ac_cv_prog_make_make_set=yes
am_cv_CC_dependencies_compiler_type=gcc3
am_cv_CXX_dependencies_compiler_type=gcc3
am_cv_make_support_nested_variables=yes
am_cv_prog_cc_c_o=yes

## ----------------- ##
## Output variables. ##
## ----------------- ##

ACLOCAL='${SHELL} /home/aniket/Development/evercurses/missing aclocal-1.15'
AMDEPBACKSLASH='\'
AMDEP_FALSE='#'
AMDEP_TRUE=''
AMTAR='$${TAR-tar}'
AM_BACKSLASH='\'
AM_DEFAULT_V='$(AM_DEFAULT_VERBOSITY)'
AM_DEFAULT_VERBOSITY='1'
AM_V='$(V)'
AUTOCONF='${SHELL} /home/aniket/Development/evercurses/missing autoconf'
AUTOHEADER='${SHELL} /home/aniket/Development/evercurses/missing autoheader'
AUTOMAKE='${SHELL} /home/aniket/Development/evercurses/missing automake-1.15'
AWK='gawk'
CC='gcc'
CCDEPMODE='depmode=gcc3'
CFLAGS='-g -O2'
CPP='gcc -E'
CPPFLAGS=''
CXX='g++'
CXXDEPMODE='depmode=gcc3'
CXXFLAGS='-g -O2'
CYGPATH_W='echo'
DEFS='-DPACKAGE_NAME=\"evercurses\" -DPACKAGE_TARNAME=\"evercurses\" -DPACKAGE_VERSION=\"0.1\" -DPACKAGE_STRING=\"evercurses\ 0.1\" -DPACKAGE_BUGREPORT=\"aniket.deole@gmail.com\" -DPACKAGE_URL=\"\" -DPACKAGE=\"evercurses\" -DVERSION=\"0.1\" -DSTDC_HEADERS=1 -DHAVE_SYS_TYPES_H=1 -DHAVE_SYS_STAT_H=1 -DHAVE_STDLIB_H=1 -DHAVE_STRING_H=1 -DHAVE_MEMORY_H=1 -DHAVE_STRINGS_H=1 -DHAVE_INTTYPES_H=1 -DHAVE_STDINT_H=1 -DHAVE_UNISTD_H=1 -DHAVE_CURSES_H=1'
DEPDIR='.deps'
ECHO_C=''
ECHO_N='-n'
ECHO_T=''
EGREP='/usr/bin/grep -E'
EXEEXT=''
GREP='/usr/bin/grep'
INSTALL_DATA='${INSTALL} -m 644'
INSTALL_PROGRAM='${INSTALL}'
INSTALL_SCRIPT='${INSTALL}'
INSTALL_STRIP_PROGRAM='$(install_sh) -c -s'
LDFLAGS=''
LIBOBJS=''
LIBS=''
LTLIBOBJS=''
MAKEINFO='${SHELL} /home/aniket/Development/evercurses/missing makeinfo'
MKDIR_P='/usr/bin/mkdir -p'
OBJEXT='o'
PACKAGE='evercurses'
PACKAGE_BUGREPORT='aniket.deole@gmail.com'
PACKAGE_NAME='evercurses'
PACKAGE_STRING='evercurses 0.1'
PACKAGE_TARNAME='evercurses'
PACKAGE_URL=''
PACKAGE_VERSION='0.1'
PATH_SEPARATOR=':'
SET_MAKE=''
SHELL='/bin/sh'
STRIP=''
VERSION='0.1'
ac_ct_CC='gcc'
ac_ct_CXX='g++'
am__EXEEXT_FALSE=''
am__EXEEXT_TRUE='#'
am__fastdepCC_FALSE='#'
am__fastdepCC_TRUE=''
am__fastdepCXX_FALSE='#'
am__fastdepCXX_TRUE=''
am__include='include'
am__isrc=''
am__leading_dot='.'
am__nodep='_no'
am__quote=''
am__tar='$${TAR-tar} chof - "$$tardir"'
am__untar='$${TAR-tar} xf -'
bindir='${exec_prefix}/bin'
build_alias=''
datadir='${datarootdir}'
datarootdir='${prefix}/share'
docdir='${datarootdir}/doc/${PACKAGE_TARNAME}'
dvidir='${docdir}'
exec_prefix='${prefix}'
host_alias=''
htmldir='${docdir}'
includedir='${prefix}/include'
infodir='${datarootdir}/info'
install_sh='${SHELL} /home/aniket/Development/evercurses/install-sh'
libdir='${exec_prefix}/lib'
libexecdir='${exec_prefix}/libexec'
localedir='${datarootdir}/locale'
localstatedir='${prefix}/var'
mandir='${datarootdir}/man'
mkdir_p='$(MKDIR_P)'
oldincludedir='/usr/include'
pdfdir='${docdir}'
prefix='/usr/local'
program_transform_name='s,x,x,'
psdir='${docdir}'
sbindir='${exec_prefix}/sbin'
sharedstatedir='${prefix}/com'
sysconfdir='${prefix}/etc'
target_alias=''

## ----------- ##
## confdefs.h. ##
## ----------- ##

/* confdefs.h */
#define PACKAGE_NAME "evercurses"
#define PACKAGE_TARNAME "evercurses"
#define PACKAGE_VERSION "0.1"
#define PACKAGE_STRING "evercurses 0.1"
#define PACKAGE_BUGREPORT "aniket.deole@gmail.com"
#define PACKAGE_URL ""
#define PACKAGE "evercurses"
#define VERSION "0.1"
#define STDC_HEADERS 1
#define HAVE_SYS_TYPES_H 1
#define HAVE_SYS_STAT_H 1
#define HAVE_STDLIB_H 1
#define HAVE_STRING_H 1
#define HAVE_MEMORY_H 1
#define HAVE_STRINGS_H 1
#define HAVE_INTTYPES_H 1
#define HAVE_STDINT_H 1
#define HAVE_UNISTD_H 1
#define HAVE_CURSES_H 1

configure: exit 0
